<?xml version="1.0" encoding="UTF-8"?>
<testsuites tests="13" failures="0" disabled="0" errors="0" time="0.449" timestamp="2024-01-17T14:26:18" name="AllTests">
  <testsuite name="MPCTest" tests="9" failures="0" disabled="0" errors="0" time="0.449" timestamp="2024-01-17T14:26:18">
    <testcase name="InitializeAndCalculate" status="run" result="completed" time="0.048" timestamp="2024-01-17T14:26:18" classname="mpc_lateral_controller.MPCTest" />
    <testcase name="InitializeAndCalculateRightTurn" status="run" result="completed" time="0.034" timestamp="2024-01-17T14:26:18" classname="mpc_lateral_controller.MPCTest" />
    <testcase name="OsqpCalculate" status="run" result="completed" time="0.035" timestamp="2024-01-17T14:26:18" classname="mpc_lateral_controller.MPCTest" />
    <testcase name="OsqpCalculateRightTurn" status="run" result="completed" time="0.04" timestamp="2024-01-17T14:26:18" classname="mpc_lateral_controller.MPCTest" />
    <testcase name="KinematicsNoDelayCalculate" status="run" result="completed" time="0.035" timestamp="2024-01-17T14:26:18" classname="mpc_lateral_controller.MPCTest" />
    <testcase name="KinematicsNoDelayCalculateRightTurn" status="run" result="completed" time="0.033" timestamp="2024-01-17T14:26:18" classname="mpc_lateral_controller.MPCTest" />
    <testcase name="DynamicCalculate" status="run" result="completed" time="0.086" timestamp="2024-01-17T14:26:18" classname="mpc_lateral_controller.MPCTest" />
    <testcase name="MultiSolveWithBuffer" status="run" result="completed" time="0.129" timestamp="2024-01-17T14:26:18" classname="mpc_lateral_controller.MPCTest" />
    <testcase name="FailureCases" status="run" result="completed" time="0.009" timestamp="2024-01-17T14:26:19" classname="mpc_lateral_controller.MPCTest" />
  </testsuite>
  <testsuite name="TestMPC" tests="1" failures="0" disabled="0" errors="0" time="0" timestamp="2024-01-17T14:26:19">
    <testcase name="CalcStopDistance" status="run" result="completed" time="0" timestamp="2024-01-17T14:26:19" classname="mpc_lateral_controller.TestMPC" />
  </testsuite>
  <testsuite name="TestLowpassFilter" tests="3" failures="0" disabled="0" errors="0" time="0" timestamp="2024-01-17T14:26:19">
    <testcase name="MoveAverageFilter" status="run" result="completed" time="0" timestamp="2024-01-17T14:26:19" classname="mpc_lateral_controller.TestLowpassFilter" />
    <testcase name="Butterworth2dFilter" status="run" result="completed" time="0" timestamp="2024-01-17T14:26:19" classname="mpc_lateral_controller.TestLowpassFilter" />
    <testcase name="Butterworth2dFilterCoeffs" status="run" result="completed" time="0" timestamp="2024-01-17T14:26:19" classname="mpc_lateral_controller.TestLowpassFilter" />
  </testsuite>
</testsuites>
